c:\users\1\desktop\rustnewrecoilscript-main\rustnewrecoil\x64\release\vc143.pdb
c:\users\1\desktop\rustnewrecoilscript-main\rustnewrecoil\x64\release\main.obj
c:\users\1\desktop\rustnewrecoilscript-main\rustnewrecoil\x64\release\imgui_widgets.obj
c:\users\1\desktop\rustnewrecoilscript-main\rustnewrecoil\x64\release\imgui_tables.obj
c:\users\1\desktop\rustnewrecoilscript-main\rustnewrecoil\x64\release\imgui_impl_win32.obj
c:\users\1\desktop\rustnewrecoilscript-main\rustnewrecoil\x64\release\imgui_impl_dx9.obj
c:\users\1\desktop\rustnewrecoilscript-main\rustnewrecoil\x64\release\imgui_draw.obj
c:\users\1\desktop\rustnewrecoilscript-main\rustnewrecoil\x64\release\imgui_demo.obj
c:\users\1\desktop\rustnewrecoilscript-main\rustnewrecoil\x64\release\imgui.obj
c:\users\1\desktop\rustnewrecoilscript-main\rustnewrecoil\x64\release\rustnewrecoil.exe
c:\users\1\desktop\rustnewrecoilscript-main\rustnewrecoil\x64\release\rustnewrecoil.pdb
c:\users\1\desktop\rustnewrecoilscript-main\rustnewrecoil\x64\release\rustnewrecoil.ipdb
c:\users\1\desktop\rustnewrecoilscript-main\rustnewrecoil\x64\release\rustnewrecoil.iobj
c:\users\1\desktop\rustnewrecoilscript-main\rustnewrecoil\x64\release\rustnewrecoil.tlog\cl.command.1.tlog
c:\users\1\desktop\rustnewrecoilscript-main\rustnewrecoil\x64\release\rustnewrecoil.tlog\cl.read.1.tlog
c:\users\1\desktop\rustnewrecoilscript-main\rustnewrecoil\x64\release\rustnewrecoil.tlog\cl.write.1.tlog
c:\users\1\desktop\rustnewrecoilscript-main\rustnewrecoil\x64\release\rustnewrecoil.tlog\link.command.1.tlog
c:\users\1\desktop\rustnewrecoilscript-main\rustnewrecoil\x64\release\rustnewrecoil.tlog\link.read.1.tlog
c:\users\1\desktop\rustnewrecoilscript-main\rustnewrecoil\x64\release\rustnewrecoil.tlog\link.write.1.tlog
c:\users\1\desktop\rustnewrecoilscript-main\rustnewrecoil\x64\release\rustnewrecoil.tlog\rustnewrecoil.write.1u.tlog
